TN:
SF:src\polyfills.ts
FNF:0
FNH:0
LF:0
LH:0
BRF:0
BRH:0
end_of_record
TN:
SF:src\app\app.component.ts
FN:12,(anonymous_1)
FN:13,(anonymous_2)
FNF:2
FNH:0
FNDA:0,(anonymous_1)
FNDA:0,(anonymous_2)
DA:9,1
DA:10,1
DA:13,0
DA:14,0
LF:4
LH:2
BRF:0
BRH:0
end_of_record
TN:
SF:src\app\core\api\service\auth.service.ts
FN:24,(anonymous_1)
FN:39,(anonymous_2)
FN:42,(anonymous_3)
FN:44,(anonymous_4)
FN:50,(anonymous_5)
FN:56,(anonymous_6)
FN:59,(anonymous_7)
FN:65,(anonymous_8)
FN:71,(anonymous_9)
FN:73,(anonymous_10)
FN:74,(anonymous_11)
FN:80,(anonymous_12)
FN:83,(anonymous_13)
FN:86,(anonymous_14)
FN:92,(anonymous_15)
FN:98,(anonymous_16)
FN:99,(anonymous_17)
FN:105,(anonymous_18)
FN:108,(anonymous_19)
FN:112,(anonymous_20)
FN:120,(anonymous_21)
FN:137,(anonymous_22)
FN:138,(anonymous_23)
FNF:23
FNH:0
FNDA:0,(anonymous_1)
FNDA:0,(anonymous_2)
FNDA:0,(anonymous_3)
FNDA:0,(anonymous_4)
FNDA:0,(anonymous_5)
FNDA:0,(anonymous_6)
FNDA:0,(anonymous_7)
FNDA:0,(anonymous_8)
FNDA:0,(anonymous_9)
FNDA:0,(anonymous_10)
FNDA:0,(anonymous_11)
FNDA:0,(anonymous_12)
FNDA:0,(anonymous_13)
FNDA:0,(anonymous_14)
FNDA:0,(anonymous_15)
FNDA:0,(anonymous_16)
FNDA:0,(anonymous_17)
FNDA:0,(anonymous_18)
FNDA:0,(anonymous_19)
FNDA:0,(anonymous_20)
FNDA:0,(anonymous_21)
FNDA:0,(anonymous_22)
FNDA:0,(anonymous_23)
DA:13,1
DA:16,0
DA:17,0
DA:18,0
DA:19,0
DA:24,0
DA:25,0
DA:26,0
DA:27,0
DA:28,0
DA:30,0
DA:31,0
DA:40,0
DA:43,0
DA:44,0
DA:45,0
DA:46,0
DA:51,0
DA:57,0
DA:62,0
DA:63,0
DA:66,0
DA:72,0
DA:73,0
DA:75,0
DA:81,0
DA:84,0
DA:87,0
DA:93,0
DA:94,0
DA:99,0
DA:100,0
DA:106,0
DA:109,0
DA:110,0
DA:113,0
DA:121,0
DA:124,0
DA:131,0
DA:138,0
DA:139,0
DA:140,0
LF:42
LH:1
BRDA:25,0,0,0
BRDA:25,0,1,0
BRDA:45,1,0,0
BRDA:94,2,0,0
BRDA:94,2,1,0
BRDA:94,3,0,0
BRDA:94,3,1,0
BRF:7
BRH:0
end_of_record
TN:
SF:src\app\shared\components\loader-init\loader-init.component.ts
FNF:0
FNH:0
DA:8,1
LF:1
LH:1
BRF:0
BRH:0
end_of_record
TN:
SF:src\app\shared\guard\auth.guard.ts
FN:10,(anonymous_0)
FN:14,(anonymous_1)
FNF:2
FNH:0
FNDA:0,(anonymous_0)
FNDA:0,(anonymous_1)
DA:8,1
DA:11,0
DA:12,0
DA:17,0
DA:18,0
DA:20,0
LF:6
LH:1
BRDA:17,0,0,0
BRF:1
BRH:0
end_of_record
TN:
SF:src\app\views\dashboard\dashboard.component.ts
FN:19,(anonymous_0)
FN:20,(anonymous_1)
FNF:2
FNH:0
FNDA:0,(anonymous_0)
FNDA:0,(anonymous_1)
DA:14,1
DA:17,0
DA:19,0
DA:20,0
DA:23,0
DA:24,0
DA:28,0
DA:33,0
LF:8
LH:1
BRDA:23,0,0,0
BRDA:28,1,0,0
BRDA:29,2,0,0
BRDA:29,2,1,0
BRDA:29,2,2,0
BRF:5
BRH:0
end_of_record
TN:
SF:src\app\views\dashboard\components\dashboard-sidebar\dashboard-sidebar.component.ts
FN:10,(anonymous_0)
FNF:1
FNH:0
FNDA:0,(anonymous_0)
DA:9,1
DA:10,0
LF:2
LH:1
BRF:0
BRH:0
end_of_record
TN:
SF:src\app\views\dashboard\components\dashboard-statistics\dashboard-statistics.component.ts
FN:10,(anonymous_0)
FN:12,(anonymous_1)
FNF:2
FNH:2
FNDA:1,(anonymous_0)
FNDA:1,(anonymous_1)
DA:8,1
LF:1
LH:1
BRF:0
BRH:0
end_of_record
TN:
SF:src\app\views\dashboard\components\dashboard-students\dashboard-students.component.ts
FN:13,(anonymous_0)
FN:15,(anonymous_1)
FN:19,(anonymous_2)
FNF:3
FNH:0
FNDA:0,(anonymous_0)
FNDA:0,(anonymous_1)
FNDA:0,(anonymous_2)
DA:10,1
DA:13,0
DA:16,0
DA:19,0
DA:20,0
LF:5
LH:1
BRF:0
BRH:0
end_of_record
TN:
SF:src\app\views\dashboard\components\dashboard-user-profile\dashboard-user-profile.component.ts
FN:10,(anonymous_0)
FNF:1
FNH:0
FNDA:0,(anonymous_0)
DA:9,1
DA:10,0
LF:2
LH:1
BRF:0
BRH:0
end_of_record
TN:
SF:src\app\views\forgot-password\forgot-password.component.ts
FN:11,(anonymous_0)
FN:13,(anonymous_1)
FNF:2
FNH:0
FNDA:0,(anonymous_0)
FNDA:0,(anonymous_1)
DA:9,1
DA:11,0
LF:2
LH:1
BRF:0
BRH:0
end_of_record
TN:
SF:src\app\views\sign-in\sign-in.component.ts
FN:11,(anonymous_0)
FN:13,(anonymous_1)
FNF:2
FNH:0
FNDA:0,(anonymous_0)
FNDA:0,(anonymous_1)
DA:9,1
DA:11,0
LF:2
LH:1
BRF:0
BRH:0
end_of_record
TN:
SF:src\app\views\sign-up\sign-up.component.ts
FN:11,(anonymous_0)
FN:13,(anonymous_1)
FNF:2
FNH:0
FNDA:0,(anonymous_0)
FNDA:0,(anonymous_1)
DA:9,1
DA:11,0
LF:2
LH:1
BRF:0
BRH:0
end_of_record
TN:
SF:src\app\views\verify-email\verify-email.component.ts
FN:11,(anonymous_0)
FN:13,(anonymous_1)
FNF:2
FNH:0
FNDA:0,(anonymous_0)
FNDA:0,(anonymous_1)
DA:9,1
DA:11,0
LF:2
LH:1
BRF:0
BRH:0
end_of_record
